#
# There is insufficient memory for the Java Runtime Environment to continue.
# Native memory allocation (malloc) failed to allocate 53477376 bytes for committing reserved memory.
# Possible reasons:
#   The system is out of physical RAM or swap space
#   In 32 bit mode, the process size limit was hit
# Possible solutions:
#   Reduce memory load on the system
#   Increase physical memory or swap space
#   Check if swap backing store is full
#   Use 64 bit Java on a 64 bit OS
#   Decrease Java heap size (-Xmx/-Xms)
#   Decrease number of Java threads
#   Decrease Java thread stack sizes (-Xss)
#   Set larger code cache with -XX:ReservedCodeCacheSize=
# This output file may be truncated or incomplete.
#
#  Out of Memory Error (os_linux.cpp:2827), pid=17323, tid=1745673024
#
# JRE version: OpenJDK Runtime Environment (7.0_95) (build 1.7.0_95-b00)
# Java VM: OpenJDK Server VM (24.95-b01 mixed mode linux-x86 )
# Derivative: IcedTea 2.6.4
# Distribution: Ubuntu 14.04.3 LTS, package 7u95-2.6.4-0ubuntu0.14.04.1
# Failed to write core dump. Core dumps have been disabled. To enable core dumping, try "ulimit -c unlimited" before starting Java again
#

---------------  T H R E A D  ---------------

Current thread (0x67f10400):  VMThread [stack: 0x6804d000,0x680ce000] [id=17330]

Stack: [0x6804d000,0x680ce000]
VM_Operation (0x6763d9f4): ParallelGCFailedAllocation, mode: safepoint, requested by thread 0x67ff5000


---------------  P R O C E S S  ---------------

Java Threads: ( => current thread )
  0x67ff6000 JavaThread "pool-1-thread-4" [_thread_blocked, id=17343, stack(0x6759d000,0x675ee000)]
  0x67ff5000 JavaThread "pool-1-thread-3" [_thread_blocked, id=17342, stack(0x675ee000,0x6763f000)]
  0x67ff3c00 JavaThread "pool-1-thread-2" [_thread_blocked, id=17341, stack(0x6763f000,0x67690000)]
  0x67ff2800 JavaThread "pool-2-thread-1" [_thread_blocked, id=17340, stack(0x67690000,0x676e1000)]
  0x67ff2000 JavaThread "pool-1-thread-1" [_thread_blocked, id=17339, stack(0x676e1000,0x67732000)]
  0x67f2c400 JavaThread "Service Thread" daemon [_thread_blocked, id=17336, stack(0x67b0b000,0x67b5c000)]
  0x67f2a800 JavaThread "C2 CompilerThread1" daemon [_thread_blocked, id=17335, stack(0x67b5c000,0x67bdd000)]
  0x67f28800 JavaThread "C2 CompilerThread0" daemon [_thread_in_native, id=17334, stack(0x67bdd000,0x67c5e000)]
  0x67f26c00 JavaThread "Signal Dispatcher" daemon [_thread_blocked, id=17333, stack(0x67c5e000,0x67caf000)]
  0x67f14400 JavaThread "Finalizer" daemon [_thread_blocked, id=17332, stack(0x67eaf000,0x67f00000)]
  0x67f12c00 JavaThread "Reference Handler" daemon [_thread_blocked, id=17331, stack(0x6ac0b000,0x6ac5c000)]
  0xb6407c00 JavaThread "main" [_thread_blocked, id=17327, stack(0xb656f000,0xb65c0000)]

Other Threads:
=>0x67f10400 VMThread [stack: 0x6804d000,0x680ce000] [id=17330]
  0x67f2e000 WatcherThread [stack: 0x67a8a000,0x67b0b000] [id=17337]

VM state:at safepoint (normal execution)

VM Mutex/Monitor currently owned by a thread:  ([mutex/lock_event])
[0xb6405380] Threads_lock - owner thread: 0x67f10400
[0xb6405790] Heap_lock - owner thread: 0x67ff5000

Heap
 PSYoungGen      total 52480K, used 7163K [0x9dd80000, 0xa1880000, 0xb3300000)
  eden space 45312K, 0% used [0x9dd80000,0x9dd80000,0xa09c0000)
  from space 7168K, 99% used [0xa09c0000,0xa10bef80,0xa10c0000)
  to   space 6400K, 0% used [0xa10c0000,0xa10c0000,0xa1700000)
 ParOldGen       total 30208K, used 14812K [0x73300000, 0x75080000, 0x9dd80000)
  object space 30208K, 49% used [0x73300000,0x741773b8,0x75080000)
 PSPermGen       total 16384K, used 4232K [0x6b300000, 0x6c300000, 0x73300000)
  object space 16384K, 25% used [0x6b300000,0x6b722338,0x6c300000)

Card table byte_map: [0x6b0bf000,0x6b300000] byte_map_base: 0x6ad65800

Polling page: 0xb7776000

Code Cache  [0xb33e7000, 0xb3627000, 0xb63e7000)
 total_blobs=392 nmethods=270 adapters=76 free_code_cache=48216Kb largest_free_block=49347776

Compilation events (10 events):
Event: 15.436 Thread 0x67f2a800 nmethod 267 0xb34b3a08 code [0xb34b3b00, 0xb34b3b90]
Event: 15.436 Thread 0x67f2a800  268             com.android.dx.dex.code.CodeAddress::<init> (7 bytes)
Event: 15.441 Thread 0x67f2a800 nmethod 268 0xb34b7488 code [0xb34b7580, 0xb34b7610]
Event: 15.441 Thread 0x67f2a800  269             com.android.dx.cf.code.Frame::getStack (5 bytes)
Event: 15.444 Thread 0x67f2a800 nmethod 269 0xb34b3848 code [0xb34b3920, 0xb34b3970]
Event: 15.444 Thread 0x67f2a800  270 %           com.android.dx.ssa.SsaRenamer$BlockRenamer::addMapping @ 27 (143 bytes)
Event: 15.875 Thread 0x67f2a800 nmethod 270% 0xb34d5a08 code [0xb34d5bc0, 0xb34d6504]
Event: 15.875 Thread 0x67f2a800  271             com.android.dx.ssa.SsaMethod::buildUseList (112 bytes)
Event: 16.065 Thread 0x67f2a800 nmethod 271 0xb34b6908 code [0xb34b6a80, 0xb34b70dc]
Event: 16.066 Thread 0x67f2a800  272   !         com.android.dx.cf.code.Ropper::processBlock (1101 bytes)

GC Heap History (10 events):
Event: 3.701 GC heap after
Heap after GC invocations=2 (full 0):
 PSYoungGen      total 13312K, used 1781K [0x9dd80000, 0x9f780000, 0xb3300000)
  eden space 11520K, 0% used [0x9dd80000,0x9dd80000,0x9e8c0000)
  from space 1792K, 99% used [0x9ea80000,0x9ec3d4f8,0x9ec40000)
  to   space 1792K, 0% used [0x9e8c0000,0x9e8c0000,0x9ea80000)
 ParOldGen       total 30208K, used 1657K [0x73300000, 0x75080000, 0x9dd80000)
  object space 30208K, 5% used [0x73300000,0x7349e778,0x75080000)
 PSPermGen       total 16384K, used 4056K [0x6b300000, 0x6c300000, 0x73300000)
  object space 16384K, 24% used [0x6b300000,0x6b6f60b0,0x6c300000)
}
Event: 5.048 GC heap before
{Heap before GC invocations=3 (full 0):
 PSYoungGen      total 13312K, used 13301K [0x9dd80000, 0x9f780000, 0xb3300000)
  eden space 11520K, 100% used [0x9dd80000,0x9e8c0000,0x9e8c0000)
  from space 1792K, 99% used [0x9ea80000,0x9ec3d4f8,0x9ec40000)
  to   space 1792K, 0% used [0x9e8c0000,0x9e8c0000,0x9ea80000)
 ParOldGen       total 30208K, used 1657K [0x73300000, 0x75080000, 0x9dd80000)
  object space 30208K, 5% used [0x73300000,0x7349e778,0x75080000)
 PSPermGen       total 16384K, used 4152K [0x6b300000, 0x6c300000, 0x73300000)
  object space 16384K, 25% used [0x6b300000,0x6b70e2c0,0x6c300000)
Event: 5.111 GC heap after
Heap after GC invocations=3 (full 0):
 PSYoungGen      total 13312K, used 1787K [0x9dd80000, 0x9f780000, 0xb3300000)
  eden space 11520K, 0% used [0x9dd80000,0x9dd80000,0x9e8c0000)
  from space 1792K, 99% used [0x9e8c0000,0x9ea7ec20,0x9ea80000)
  to   space 1792K, 0% used [0x9f5c0000,0x9f5c0000,0x9f780000)
 ParOldGen       total 30208K, used 3436K [0x73300000, 0x75080000, 0x9dd80000)
  object space 30208K, 11% used [0x73300000,0x7365b140,0x75080000)
 PSPermGen       total 16384K, used 4152K [0x6b300000, 0x6c300000, 0x73300000)
  object space 16384K, 25% used [0x6b300000,0x6b70e2c0,0x6c300000)
}
Event: 7.675 GC heap before
{Heap before GC invocations=4 (full 0):
 PSYoungGen      total 13312K, used 13307K [0x9dd80000, 0x9f780000, 0xb3300000)
  eden space 11520K, 100% used [0x9dd80000,0x9e8c0000,0x9e8c0000)
  from space 1792K, 99% used [0x9e8c0000,0x9ea7ec20,0x9ea80000)
  to   space 1792K, 0% used [0x9f5c0000,0x9f5c0000,0x9f780000)
 ParOldGen       total 30208K, used 3436K [0x73300000, 0x75080000, 0x9dd80000)
  object space 30208K, 11% used [0x73300000,0x7365b140,0x75080000)
 PSPermGen       total 16384K, used 4167K [0x6b300000, 0x6c300000, 0x73300000)
  object space 16384K, 25% used [0x6b300000,0x6b711f30,0x6c300000)
Event: 7.796 GC heap after
Heap after GC invocations=4 (full 0):
 PSYoungGen      total 24832K, used 1787K [0x9dd80000, 0x9f780000, 0xb3300000)
  eden space 23040K, 0% used [0x9dd80000,0x9dd80000,0x9f400000)
  from space 1792K, 99% used [0x9f5c0000,0x9f77ec20,0x9f780000)
  to   space 1792K, 0% used [0x9f400000,0x9f400000,0x9f5c0000)
 ParOldGen       total 30208K, used 5140K [0x73300000, 0x75080000, 0x9dd80000)
  object space 30208K, 17% used [0x73300000,0x73805210,0x75080000)
 PSPermGen       total 16384K, used 4167K [0x6b300000, 0x6c300000, 0x73300000)
  object space 16384K, 25% used [0x6b300000,0x6b711f30,0x6c300000)
}
Event: 9.889 GC heap before
{Heap before GC invocations=5 (full 0):
 PSYoungGen      total 24832K, used 24827K [0x9dd80000, 0x9f780000, 0xb3300000)
  eden space 23040K, 100% used [0x9dd80000,0x9f400000,0x9f400000)
  from space 1792K, 99% used [0x9f5c0000,0x9f77ec20,0x9f780000)
  to   space 1792K, 0% used [0x9f400000,0x9f400000,0x9f5c0000)
 ParOldGen       total 30208K, used 5140K [0x73300000, 0x75080000, 0x9dd80000)
  object space 30208K, 17% used [0x73300000,0x73805210,0x75080000)
 PSPermGen       total 16384K, used 4200K [0x6b300000, 0x6c300000, 0x73300000)
  object space 16384K, 25% used [0x6b300000,0x6b71a118,0x6c300000)
Event: 9.989 GC heap after
Heap after GC invocations=5 (full 0):
 PSYoungGen      total 24832K, used 1779K [0x9dd80000, 0xa1700000, 0xb3300000)
  eden space 23040K, 0% used [0x9dd80000,0x9dd80000,0x9f400000)
  from space 1792K, 99% used [0x9f400000,0x9f5bccd8,0x9f5c0000)
  to   space 6400K, 0% used [0xa10c0000,0xa10c0000,0xa1700000)
 ParOldGen       total 30208K, used 9450K [0x73300000, 0x75080000, 0x9dd80000)
  object space 30208K, 31% used [0x73300000,0x73c3a9b8,0x75080000)
 PSPermGen       total 16384K, used 4200K [0x6b300000, 0x6c300000, 0x73300000)
  object space 16384K, 25% used [0x6b300000,0x6b71a118,0x6c300000)
}
Event: 12.450 GC heap before
{Heap before GC invocations=6 (full 0):
 PSYoungGen      total 24832K, used 24819K [0x9dd80000, 0xa1700000, 0xb3300000)
  eden space 23040K, 100% used [0x9dd80000,0x9f400000,0x9f400000)
  from space 1792K, 99% used [0x9f400000,0x9f5bccd8,0x9f5c0000)
  to   space 6400K, 0% used [0xa10c0000,0xa10c0000,0xa1700000)
 ParOldGen       total 30208K, used 9450K [0x73300000, 0x75080000, 0x9dd80000)
  object space 30208K, 31% used [0x73300000,0x73c3a9b8,0x75080000)
 PSPermGen       total 16384K, used 4214K [0x6b300000, 0x6c300000, 0x73300000)
  object space 16384K, 25% used [0x6b300000,0x6b71db80,0x6c300000)
Event: 12.567 GC heap after
Heap after GC invocations=6 (full 0):
 PSYoungGen      total 51712K, used 5678K [0x9dd80000, 0xa1880000, 0xb3300000)
  eden space 45312K, 0% used [0x9dd80000,0x9dd80000,0xa09c0000)
  from space 6400K, 88% used [0xa10c0000,0xa164ba40,0xa1700000)
  to   space 7168K, 0% used [0xa09c0000,0xa09c0000,0xa10c0000)
 ParOldGen       total 30208K, used 9450K [0x73300000, 0x75080000, 0x9dd80000)
  object space 30208K, 31% used [0x73300000,0x73c3a9b8,0x75080000)
 PSPermGen       total 16384K, used 4214K [0x6b300000, 0x6c300000, 0x73300000)
  object space 16384K, 25% used [0x6b300000,0x6b71db80,0x6c300000)
}
Event: 18.548 GC heap before
{Heap before GC invocations=7 (full 0):
 PSYoungGen      total 51712K, used 50990K [0x9dd80000, 0xa1880000, 0xb3300000)
  eden space 45312K, 100% used [0x9dd80000,0xa09c0000,0xa09c0000)
  from space 6400K, 88% used [0xa10c0000,0xa164ba40,0xa1700000)
  to   space 7168K, 0% used [0xa09c0000,0xa09c0000,0xa10c0000)
 ParOldGen       total 30208K, used 9450K [0x73300000, 0x75080000, 0x9dd80000)
  object space 30208K, 31% used [0x73300000,0x73c3a9b8,0x75080000)
 PSPermGen       total 16384K, used 4232K [0x6b300000, 0x6c300000, 0x73300000)
  object space 16384K, 25% used [0x6b300000,0x6b722338,0x6c300000)

Deoptimization events (10 events):
Event: 8.706 Thread 0x67ff6000 Uncommon trap: reason=unstable_if action=reinterpret pc=0xb34a27e0 method=com.android.dx.ssa.SCCP.simulateBranch(Lcom/android/dx/ssa/SsaInsn;)V @ 64
Event: 8.854 Thread 0x67ff6000 Uncommon trap: reason=unstable_if action=reinterpret pc=0xb34ab884 method=com.android.dx.ssa.Dominators.run()V @ 346
Event: 9.160 Thread 0x67ff6000 Uncommon trap: reason=bimorphic action=maybe_recompile pc=0xb3474808 method=java.util.HashMap.put(Ljava/lang/Object;Ljava/lang/Object;)Ljava/lang/Object; @ 83
Event: 9.161 Thread 0x67ff6000 Uncommon trap: reason=bimorphic action=maybe_recompile pc=0xb3474808 method=java.util.HashMap.put(Ljava/lang/Object;Ljava/lang/Object;)Ljava/lang/Object; @ 83
Event: 9.161 Thread 0x67ff6000 Uncommon trap: reason=bimorphic action=maybe_recompile pc=0xb3474808 method=java.util.HashMap.put(Ljava/lang/Object;Ljava/lang/Object;)Ljava/lang/Object; @ 83
Event: 9.161 Thread 0x67ff6000 Uncommon trap: reason=bimorphic action=maybe_recompile pc=0xb3474808 method=java.util.HashMap.put(Ljava/lang/Object;Ljava/lang/Object;)Ljava/lang/Object; @ 83
Event: 11.299 Thread 0x67ff3c00 Uncommon trap: reason=unstable_if action=reinterpret pc=0xb3491abc method=com.android.dx.util.IntList.binarysearch(I)I @ 105
Event: 11.301 Thread 0x67ff3c00 Uncommon trap: reason=unstable_if action=reinterpret pc=0xb346462c method=com.android.dx.util.IntList.binarysearch(I)I @ 105
Event: 11.743 Thread 0xb6407c00 Uncommon trap: reason=unstable_if action=reinterpret pc=0xb34b33bc method=com.android.dx.ssa.SsaMethod.updateOneDefinition(Lcom/android/dx/ssa/SsaInsn;Lcom/android/dx/rop/code/RegisterSpec;)V @ 4
Event: 13.906 Thread 0x67ff6000 Uncommon trap: reason=unstable_if action=reinterpret pc=0xb34bb9d0 method=com.android.dx.rop.code.LocalVariableInfo.mergeStarts(ILcom/android/dx/rop/code/RegisterSpecSet;)Z @ 31

Internal exceptions (10 events):
Event: 2.514 Thread 0x67ff3c00 Threw 0x9e0e3a50 at /build/openjdk-7-EUuUjL/openjdk-7-7u95-2.6.4/build/openjdk/hotspot/src/share/vm/prims/jvm.cpp:1322
Event: 2.575 Thread 0xb6407c00 Threw 0x9e13a9e8 at /build/openjdk-7-EUuUjL/openjdk-7-7u95-2.6.4/build/openjdk/hotspot/src/share/vm/prims/jvm.cpp:1322
Event: 2.889 Thread 0x67ff5000 Threw 0x9e364840 at /build/openjdk-7-EUuUjL/openjdk-7-7u95-2.6.4/build/openjdk/hotspot/src/share/vm/prims/jvm.cpp:1322
Event: 3.347 Thread 0xb6407c00 Threw 0x9e5ea6e8 at /build/openjdk-7-EUuUjL/openjdk-7-7u95-2.6.4/build/openjdk/hotspot/src/share/vm/prims/jvm.cpp:1322
Event: 3.361 Thread 0xb6407c00 Threw 0x9e5fa7d8 at /build/openjdk-7-EUuUjL/openjdk-7-7u95-2.6.4/build/openjdk/hotspot/src/share/vm/prims/jvm.cpp:1322
Event: 7.948 Thread 0xb6407c00 Implicit null exception at 0xb3482052 to 0xb34825bd
Event: 8.082 Thread 0x67ff2000 Implicit null exception at 0xb34873d7 to 0xb3488dc1
Event: 8.162 Thread 0xb6407c00 Threw 0x9e0fa318 at /build/openjdk-7-EUuUjL/openjdk-7-7u95-2.6.4/build/openjdk/hotspot/src/share/vm/prims/jvm.cpp:1322
Event: 11.195 Thread 0xb6407c00 Threw 0x9e7b4108 at /build/openjdk-7-EUuUjL/openjdk-7-7u95-2.6.4/build/openjdk/hotspot/src/share/vm/prims/jvm.cpp:1322
Event: 11.736 Thread 0xb6407c00 Threw 0x9eb3cef0 at /build/openjdk-7-EUuUjL/openjdk-7-7u95-2.6.4/build/openjdk/hotspot/src/share/vm/prims/jvm.cpp:1322

Events (10 events):
Event: 12.591 Executing VM operation: RevokeBias
Event: 12.591 Executing VM operation: RevokeBias done
Event: 12.591 Executing VM operation: RevokeBias
Event: 12.591 Executing VM operation: RevokeBias done
Event: 12.591 Executing VM operation: BulkRevokeBias
Event: 12.591 Executing VM operation: BulkRevokeBias done
Event: 13.895 Thread 0x67ff6000 Uncommon trap: trap_request=0xffffff75 fr.pc=0xb34bb9d0
Event: 13.906 Thread 0x67ff6000 DEOPT PACKING pc=0xb34bb9d0 sp=0x675ecc60
Event: 13.911 Thread 0x67ff6000 DEOPT UNPACKING pc=0xb3413bc8 sp=0x675ecc20 mode 2
Event: 18.529 Executing VM operation: ParallelGCFailedAllocation


Dynamic libraries:
08048000-08049000 r-xp 00000000 08:01 9848463    /usr/lib/jvm/java-7-openjdk-i386/jre/bin/java
08049000-0804a000 r--p 00000000 08:01 9848463    /usr/lib/jvm/java-7-openjdk-i386/jre/bin/java
0804a000-0804b000 rw-p 00001000 08:01 9848463    /usr/lib/jvm/java-7-openjdk-i386/jre/bin/java
08a11000-09474000 rw-p 00000000 00:00 0          [heap]
66800000-668ca000 rw-p 00000000 00:00 0 
668ca000-66900000 ---p 00000000 00:00 0 
66a00000-66afd000 rw-p 00000000 00:00 0 
66afd000-66b00000 ---p 00000000 00:00 0 
66c00000-66cff000 rw-p 00000000 00:00 0 
66cff000-66d00000 ---p 00000000 00:00 0 
66d00000-66dfe000 rw-p 00000000 00:00 0 
66dfe000-66e00000 ---p 00000000 00:00 0 
66e00000-66ee7000 rw-p 00000000 00:00 0 
66ee7000-66f00000 ---p 00000000 00:00 0 
67000000-670f9000 rw-p 00000000 00:00 0 
670f9000-67100000 ---p 00000000 00:00 0 
67200000-672ff000 rw-p 00000000 00:00 0 
672ff000-67300000 ---p 00000000 00:00 0 
67300000-673f4000 rw-p 00000000 00:00 0 
673f4000-67400000 ---p 00000000 00:00 0 
67400000-6742f000 rw-p 00000000 00:00 0 
6742f000-67500000 ---p 00000000 00:00 0 
6759d000-675a0000 ---p 00000000 00:00 0 
675a0000-675ee000 rw-p 00000000 00:00 0          [stack:17343]
675ee000-675f1000 ---p 00000000 00:00 0 
675f1000-6763f000 rw-p 00000000 00:00 0          [stack:17342]
6763f000-67642000 ---p 00000000 00:00 0 
67642000-67690000 rw-p 00000000 00:00 0          [stack:17341]
67690000-67693000 ---p 00000000 00:00 0 
67693000-676e1000 rw-p 00000000 00:00 0          [stack:17340]
676e1000-676e4000 ---p 00000000 00:00 0 
676e4000-67732000 rw-p 00000000 00:00 0          [stack:17339]
67732000-6776e000 r-xp 00000000 08:01 10748937   /lib/i386-linux-gnu/libpcre.so.3.13.1
6776e000-6776f000 r--p 0003b000 08:01 10748937   /lib/i386-linux-gnu/libpcre.so.3.13.1
6776f000-67770000 rw-p 0003c000 08:01 10748937   /lib/i386-linux-gnu/libpcre.so.3.13.1
67770000-67783000 r-xp 00000000 08:01 10755879   /lib/i386-linux-gnu/libresolv-2.19.so
67783000-67784000 ---p 00013000 08:01 10755879   /lib/i386-linux-gnu/libresolv-2.19.so
67784000-67785000 r--p 00013000 08:01 10755879   /lib/i386-linux-gnu/libresolv-2.19.so
67785000-67786000 rw-p 00014000 08:01 10755879   /lib/i386-linux-gnu/libresolv-2.19.so
67786000-67788000 rw-p 00000000 00:00 0 
67788000-677a8000 r-xp 00000000 08:01 10749047   /lib/i386-linux-gnu/libselinux.so.1
677a8000-677a9000 r--p 0001f000 08:01 10749047   /lib/i386-linux-gnu/libselinux.so.1
677a9000-677aa000 rw-p 00020000 08:01 10749047   /lib/i386-linux-gnu/libselinux.so.1
677aa000-677ab000 rw-p 00000000 00:00 0 
677ab000-678b5000 r-xp 00000000 08:01 10752335   /lib/i386-linux-gnu/libglib-2.0.so.0.4002.0
678b5000-678b6000 r--p 00109000 08:01 10752335   /lib/i386-linux-gnu/libglib-2.0.so.0.4002.0
678b6000-678b7000 rw-p 0010a000 08:01 10752335   /lib/i386-linux-gnu/libglib-2.0.so.0.4002.0
678b7000-67907000 r-xp 00000000 08:01 9699829    /usr/lib/i386-linux-gnu/libgobject-2.0.so.0.4002.0
67907000-67908000 r--p 0004f000 08:01 9699829    /usr/lib/i386-linux-gnu/libgobject-2.0.so.0.4002.0
67908000-67909000 rw-p 00050000 08:01 9699829    /usr/lib/i386-linux-gnu/libgobject-2.0.so.0.4002.0
67909000-67a86000 r-xp 00000000 08:01 9704383    /usr/lib/i386-linux-gnu/libgio-2.0.so.0.4002.0
67a86000-67a88000 r--p 0017d000 08:01 9704383    /usr/lib/i386-linux-gnu/libgio-2.0.so.0.4002.0
67a88000-67a89000 rw-p 0017f000 08:01 9704383    /usr/lib/i386-linux-gnu/libgio-2.0.so.0.4002.0
67a89000-67a8a000 rw-p 00000000 00:00 0 
67a8a000-67a8b000 ---p 00000000 00:00 0 
67a8b000-67b0b000 rw-p 00000000 00:00 0          [stack:17337]
67b0b000-67b0e000 ---p 00000000 00:00 0 
67b0e000-67b5c000 rw-p 00000000 00:00 0          [stack:17336]
67b5c000-67b5f000 ---p 00000000 00:00 0 
67b5f000-67bdd000 rw-p 00000000 00:00 0          [stack:17335]
67bdd000-67be0000 ---p 00000000 00:00 0 
67be0000-67c5e000 rw-p 00000000 00:00 0          [stack:17334]
67c5e000-67c61000 ---p 00000000 00:00 0 
67c61000-67caf000 rw-p 00000000 00:00 0          [stack:17333]
67caf000-67eaf000 r--p 00000000 08:01 9707683    /usr/lib/locale/locale-archive
67eaf000-67eb2000 ---p 00000000 00:00 0 
67eb2000-67f00000 rw-p 00000000 00:00 0          [stack:17332]
67f00000-67fff000 rw-p 00000000 00:00 0 
67fff000-68000000 ---p 00000000 00:00 0 
68020000-68038000 r-xp 00000000 08:01 9848559    /usr/lib/jvm/java-7-openjdk-i386/jre/lib/i386/libnet.so
68038000-68039000 r--p 00017000 08:01 9848559    /usr/lib/jvm/java-7-openjdk-i386/jre/lib/i386/libnet.so
68039000-6803a000 rw-p 00018000 08:01 9848559    /usr/lib/jvm/java-7-openjdk-i386/jre/lib/i386/libnet.so
6803a000-6804b000 r-xp 00000000 08:01 9848537    /usr/lib/jvm/java-7-openjdk-i386/jre/lib/i386/libnio.so
6804b000-6804c000 r--p 00010000 08:01 9848537    /usr/lib/jvm/java-7-openjdk-i386/jre/lib/i386/libnio.so
6804c000-6804d000 rw-p 00011000 08:01 9848537    /usr/lib/jvm/java-7-openjdk-i386/jre/lib/i386/libnio.so
6804d000-6804e000 ---p 00000000 00:00 0 
6804e000-680ce000 rw-p 00000000 00:00 0          [stack:17330]
680ce000-68280000 r--s 01d2f000 08:01 9848566    /usr/lib/jvm/java-7-openjdk-i386/jre/lib/rt.jar
68280000-6ab00000 rw-p 00000000 00:00 0 
6ab00000-6ac00000 rw-p 00000000 00:00 0 
6ac0b000-6ac0e000 ---p 00000000 00:00 0 
6ac0e000-6ad00000 rw-p 00000000 00:00 0          [stack:17331]
6ad00000-6ad21000 rw-p 00000000 00:00 0 
6ad21000-6ae00000 ---p 00000000 00:00 0 
6ae03000-6ae08000 r-xp 00000000 08:01 9703118    /usr/lib/i386-linux-gnu/libffi.so.6.0.1
6ae08000-6ae09000 r--p 00005000 08:01 9703118    /usr/lib/i386-linux-gnu/libffi.so.6.0.1
6ae09000-6ae0a000 rw-p 00006000 08:01 9703118    /usr/lib/i386-linux-gnu/libffi.so.6.0.1
6ae0a000-6ae0d000 r-xp 00000000 08:01 9704390    /usr/lib/i386-linux-gnu/libgmodule-2.0.so.0.4002.0
6ae0d000-6ae0e000 r--p 00002000 08:01 9704390    /usr/lib/i386-linux-gnu/libgmodule-2.0.so.0.4002.0
6ae0e000-6ae0f000 rw-p 00003000 08:01 9704390    /usr/lib/i386-linux-gnu/libgmodule-2.0.so.0.4002.0
6ae0f000-6ae18000 r--s 00089000 08:01 4063589    /home/node/AndroidStudioProjects/pressbox_app/pressbox-android/app/build/intermediates/exploded-aar/com.android.support/appcompat-v7/23.1.1/jars/classes.jar
6ae18000-6ae27000 r--s 000df000 08:01 1312569    /home/node/Android/Sdk/build-tools/23.0.2/lib/dx.jar
6ae27000-6ae28000 ---p 00000000 00:00 0 
6ae28000-6aea8000 rw-p 00000000 00:00 0          [stack:17329]
6aea8000-6aea9000 ---p 00000000 00:00 0 
6aea9000-6af31000 rw-p 00000000 00:00 0          [stack:17328]
6af31000-6af69000 rw-p 00000000 00:00 0 
6af69000-6af78000 rw-p 00000000 00:00 0 
6af78000-6b0bf000 rw-p 00000000 00:00 0 
6b0bf000-6b0c7000 rw-p 00000000 00:00 0 
6b0c7000-6b0ff000 rw-p 00000000 00:00 0 
6b0ff000-6b10e000 rw-p 00000000 00:00 0 
6b10e000-6b254000 rw-p 00000000 00:00 0 
6b254000-6b272000 rw-p 00000000 00:00 0 
6b272000-6b2ff000 rw-p 00000000 00:00 0 
6b2ff000-6c300000 rw-p 00000000 00:00 0 
6c300000-73300000 rw-p 00000000 00:00 0 
73300000-75080000 rw-p 00000000 00:00 0 
75080000-9dd80000 rw-p 00000000 00:00 0 
9dd80000-a1880000 rw-p 00000000 00:00 0 
a4b80000-b3300000 rw-p 00000000 00:00 0 
b3300000-b3304000 r--s 00085000 08:01 9848570    /usr/lib/jvm/java-7-openjdk-i386/jre/lib/ext/localedata.jar
b3304000-b3308000 r--s 00034000 08:01 9848571    /usr/lib/jvm/java-7-openjdk-i386/jre/lib/ext/sunjce_provider.jar
b3308000-b330c000 r--s 0003c000 08:01 9848573    /usr/lib/jvm/java-7-openjdk-i386/jre/lib/ext/sunpkcs11.jar
b330c000-b3330000 rw-p 00000000 00:00 0 
b3330000-b33e7000 rw-p 00000000 00:00 0 
b33e7000-b3627000 rwxp 00000000 00:00 0 
b3627000-b63e7000 rw-p 00000000 00:00 0 
b63e7000-b63f2000 r-xp 00000000 08:01 10755882   /lib/i386-linux-gnu/libnss_files-2.19.so
b63f2000-b63f3000 r--p 0000a000 08:01 10755882   /lib/i386-linux-gnu/libnss_files-2.19.so
b63f3000-b63f4000 rw-p 0000b000 08:01 10755882   /lib/i386-linux-gnu/libnss_files-2.19.so
b63f4000-b63fe000 r-xp 00000000 08:01 10755876   /lib/i386-linux-gnu/libnss_nis-2.19.so
b63fe000-b63ff000 r--p 00009000 08:01 10755876   /lib/i386-linux-gnu/libnss_nis-2.19.so
b63ff000-b6400000 rw-p 0000a000 08:01 10755876   /lib/i386-linux-gnu/libnss_nis-2.19.so
b6400000-b64fd000 rw-p 00000000 00:00 0 
b64fd000-b6500000 ---p 00000000 00:00 0 
b6503000-b6518000 r-xp 00000000 08:01 10755886   /lib/i386-linux-gnu/libnsl-2.19.so
b6518000-b6519000 r--p 00015000 08:01 10755886   /lib/i386-linux-gnu/libnsl-2.19.so
b6519000-b651a000 rw-p 00016000 08:01 10755886   /lib/i386-linux-gnu/libnsl-2.19.so
b651a000-b651c000 rw-p 00000000 00:00 0 
b651c000-b6523000 r-xp 00000000 08:01 10755869   /lib/i386-linux-gnu/libnss_compat-2.19.so
b6523000-b6524000 r--p 00006000 08:01 10755869   /lib/i386-linux-gnu/libnss_compat-2.19.so
b6524000-b6525000 rw-p 00007000 08:01 10755869   /lib/i386-linux-gnu/libnss_compat-2.19.so
b6528000-b652b000 r--s 0000f000 08:01 9848575    /usr/lib/jvm/java-7-openjdk-i386/jre/lib/ext/icedtea-sound.jar
b652b000-b6533000 r-xp 00000000 08:01 9848529    /usr/lib/jvm/java-7-openjdk-i386/jre/lib/i386/libzip.so
b6533000-b6534000 r--p 00007000 08:01 9848529    /usr/lib/jvm/java-7-openjdk-i386/jre/lib/i386/libzip.so
b6534000-b6535000 rw-p 00008000 08:01 9848529    /usr/lib/jvm/java-7-openjdk-i386/jre/lib/i386/libzip.so
b6535000-b653d000 rw-s 00000000 08:01 11146260   /tmp/hsperfdata_node/17323
b653d000-b6564000 r-xp 00000000 08:01 9848555    /usr/lib/jvm/java-7-openjdk-i386/jre/lib/i386/libjava.so
b6564000-b6565000 r--p 00026000 08:01 9848555    /usr/lib/jvm/java-7-openjdk-i386/jre/lib/i386/libjava.so
b6565000-b6566000 rw-p 00027000 08:01 9848555    /usr/lib/jvm/java-7-openjdk-i386/jre/lib/i386/libjava.so
b6566000-b656d000 r-xp 00000000 08:01 10755881   /lib/i386-linux-gnu/librt-2.19.so
b656d000-b656e000 r--p 00006000 08:01 10755881   /lib/i386-linux-gnu/librt-2.19.so
b656e000-b656f000 rw-p 00007000 08:01 10755881   /lib/i386-linux-gnu/librt-2.19.so
b656f000-b6572000 ---p 00000000 00:00 0 
b6572000-b65c0000 rw-p 00000000 00:00 0          [stack:17327]
b65c0000-b65dc000 r-xp 00000000 08:01 10747933   /lib/i386-linux-gnu/libgcc_s.so.1
b65dc000-b65dd000 rw-p 0001b000 08:01 10747933   /lib/i386-linux-gnu/libgcc_s.so.1
b65dd000-b6621000 r-xp 00000000 08:01 10755864   /lib/i386-linux-gnu/libm-2.19.so
b6621000-b6622000 r--p 00043000 08:01 10755864   /lib/i386-linux-gnu/libm-2.19.so
b6622000-b6623000 rw-p 00044000 08:01 10755864   /lib/i386-linux-gnu/libm-2.19.so
b6623000-b66ff000 r-xp 00000000 08:01 9703072    /usr/lib/i386-linux-gnu/libstdc++.so.6.0.19
b66ff000-b6703000 r--p 000dc000 08:01 9703072    /usr/lib/i386-linux-gnu/libstdc++.so.6.0.19
b6703000-b6704000 rw-p 000e0000 08:01 9703072    /usr/lib/i386-linux-gnu/libstdc++.so.6.0.19
b6704000-b670b000 rw-p 00000000 00:00 0 
b670b000-b7102000 r-xp 00000000 08:01 9848531    /usr/lib/jvm/java-7-openjdk-i386/jre/lib/i386/server/libjvm.so
b7102000-b7154000 r--p 009f7000 08:01 9848531    /usr/lib/jvm/java-7-openjdk-i386/jre/lib/i386/server/libjvm.so
b7154000-b7168000 rw-p 00a49000 08:01 9848531    /usr/lib/jvm/java-7-openjdk-i386/jre/lib/i386/server/libjvm.so
b7168000-b7586000 rw-p 00000000 00:00 0 
b7586000-b759e000 r-xp 00000000 08:01 10749080   /lib/i386-linux-gnu/libz.so.1.2.8
b759e000-b759f000 r--p 00017000 08:01 10749080   /lib/i386-linux-gnu/libz.so.1.2.8
b759f000-b75a0000 rw-p 00018000 08:01 10749080   /lib/i386-linux-gnu/libz.so.1.2.8
b75a0000-b75b8000 r-xp 00000000 08:01 10755872   /lib/i386-linux-gnu/libpthread-2.19.so
b75b8000-b75b9000 r--p 00018000 08:01 10755872   /lib/i386-linux-gnu/libpthread-2.19.so
b75b9000-b75ba000 rw-p 00019000 08:01 10755872   /lib/i386-linux-gnu/libpthread-2.19.so
b75ba000-b75bc000 rw-p 00000000 00:00 0 
b75bc000-b75bf000 r-xp 00000000 08:01 10755877   /lib/i386-linux-gnu/libdl-2.19.so
b75bf000-b75c0000 r--p 00002000 08:01 10755877   /lib/i386-linux-gnu/libdl-2.19.so
b75c0000-b75c1000 rw-p 00003000 08:01 10755877   /lib/i386-linux-gnu/libdl-2.19.so
b75c1000-b7769000 r-xp 00000000 08:01 10755880   /lib/i386-linux-gnu/libc-2.19.so
b7769000-b776b000 r--p 001a8000 08:01 10755880   /lib/i386-linux-gnu/libc-2.19.so
b776b000-b776c000 rw-p 001aa000 08:01 10755880   /lib/i386-linux-gnu/libc-2.19.so
b776c000-b776f000 rw-p 00000000 00:00 0 
b776f000-b7771000 r--s 00006000 08:01 10103798   /usr/share/java/java-atk-wrapper.jar
b7771000-b7772000 r--s 00002000 08:01 9848574    /usr/lib/jvm/java-7-openjdk-i386/jre/lib/ext/dnsns.jar
b7772000-b7774000 r--s 00012000 08:01 9848572    /usr/lib/jvm/java-7-openjdk-i386/jre/lib/ext/zipfs.jar
b7774000-b7775000 r--p 00850000 08:01 9707683    /usr/lib/locale/locale-archive
b7775000-b7776000 rw-p 00000000 00:00 0 
b7776000-b7777000 ---p 00000000 00:00 0 
b7777000-b7785000 r-xp 00000000 08:01 9848535    /usr/lib/jvm/java-7-openjdk-i386/jre/lib/i386/libverify.so
b7785000-b7786000 r--p 0000d000 08:01 9848535    /usr/lib/jvm/java-7-openjdk-i386/jre/lib/i386/libverify.so
b7786000-b7787000 rw-p 0000e000 08:01 9848535    /usr/lib/jvm/java-7-openjdk-i386/jre/lib/i386/libverify.so
b7787000-b7793000 r-xp 00000000 08:01 9848524    /usr/lib/jvm/java-7-openjdk-i386/jre/lib/i386/jli/libjli.so
b7793000-b7794000 r--p 0000c000 08:01 9848524    /usr/lib/jvm/java-7-openjdk-i386/jre/lib/i386/jli/libjli.so
b7794000-b7795000 rw-p 0000d000 08:01 9848524    /usr/lib/jvm/java-7-openjdk-i386/jre/lib/i386/jli/libjli.so
b7795000-b7798000 rw-p 00000000 00:00 0 
b7798000-b7799000 r-xp 00000000 00:00 0          [vdso]
b7799000-b77b9000 r-xp 00000000 08:01 10755883   /lib/i386-linux-gnu/ld-2.19.so
b77b9000-b77ba000 r--p 0001f000 08:01 10755883   /lib/i386-linux-gnu/ld-2.19.so
b77ba000-b77bb000 rw-p 00020000 08:01 10755883   /lib/i386-linux-gnu/ld-2.19.so
bfe63000-bfe64000 rwxp 00000000 00:00 0 
bfe96000-bfeb7000 rw-p 00000000 00:00 0          [stack]

VM Arguments:
jvm_args: -Djava.awt.headless=true -Xmx1024M -Dfile.encoding=UTF-8 -Duser.country=IN -Duser.language=en -Duser.variant 
java_command: com.android.dx.command.Main --dex --num-threads=4 --output /home/node/AndroidStudioProjects/pressbox_app/pressbox-android/app/build/intermediates/pre-dexed/debug/com.android.support-appcompat-v7-23.1.1_e62bdbeddaf3920379b7a999ad26d41bf6bd6319.jar /home/node/AndroidStudioProjects/pressbox_app/pressbox-android/app/build/intermediates/exploded-aar/com.android.support/appcompat-v7/23.1.1/jars/classes.jar
Launcher Type: SUN_STANDARD

Environment Variables:
PATH=/usr/local/sbin:/usr/local/bin:/usr/sbin:/usr/bin:/sbin:/bin:/usr/games:/usr/local/games
LD_LIBRARY_PATH=/home/node/new_studio_sdk/android-studio/bin:
SHELL=/bin/bash
DISPLAY=:0

Signal Handlers:
SIGSEGV: [libjvm.so+0x813b10], sa_mask[0]=0x7ffbfeff, sa_flags=0x10000004
SIGBUS: [libjvm.so+0x813b10], sa_mask[0]=0x7ffbfeff, sa_flags=0x10000004
SIGFPE: [libjvm.so+0x6893f0], sa_mask[0]=0x7ffbfeff, sa_flags=0x10000004
SIGPIPE: [libjvm.so+0x6893f0], sa_mask[0]=0x7ffbfeff, sa_flags=0x10000004
SIGXFSZ: [libjvm.so+0x6893f0], sa_mask[0]=0x7ffbfeff, sa_flags=0x10000004
SIGILL: [libjvm.so+0x6893f0], sa_mask[0]=0x7ffbfeff, sa_flags=0x10000004
SIGUSR1: SIG_DFL, sa_mask[0]=0x00000000, sa_flags=0x00000000
SIGUSR2: [libjvm.so+0x689280], sa_mask[0]=0x00000004, sa_flags=0x10000004
SIGHUP: [libjvm.so+0x6894b0], sa_mask[0]=0x7ffbfeff, sa_flags=0x10000004
SIGINT: [libjvm.so+0x6894b0], sa_mask[0]=0x7ffbfeff, sa_flags=0x10000004
SIGTERM: [libjvm.so+0x6894b0], sa_mask[0]=0x7ffbfeff, sa_flags=0x10000004
SIGQUIT: [libjvm.so+0x6894b0], sa_mask[0]=0x7ffbfeff, sa_flags=0x10000004
SIGTRAP: SIG_DFL, sa_mask[0]=0x00000000, sa_flags=0x00000000


---------------  S Y S T E M  ---------------

OS:Ubuntu 14.04 (trusty)
uname:Linux 3.13.0-83-generic #127-Ubuntu SMP Fri Mar 11 00:26:47 UTC 2016 i686
libc:glibc 2.19 NPTL 2.19 
rlimit: STACK 8192k, CORE 0k, NPROC 22478, NOFILE 4096, AS infinity
load average:7.24 4.10 2.39

/proc/meminfo:
MemTotal:        2896604 kB
MemFree:          119544 kB
Buffers:             652 kB
Cached:           517876 kB
SwapCached:        37148 kB
Active:          1465772 kB
Inactive:         823016 kB
Active(anon):    1458632 kB
Inactive(anon):   811160 kB
Active(file):       7140 kB
Inactive(file):    11856 kB
Unevictable:          44 kB
Mlocked:              44 kB
HighTotal:       2024360 kB
HighFree:           2120 kB
LowTotal:         872244 kB
LowFree:          117424 kB
SwapTotal:       2935804 kB
SwapFree:             16 kB
Dirty:                16 kB
Writeback:           148 kB
AnonPages:       1733604 kB
Mapped:           444816 kB
Shmem:            499240 kB
Slab:              45828 kB
SReclaimable:      20696 kB
SUnreclaim:        25132 kB
KernelStack:        6496 kB
PageTables:        22276 kB
NFS_Unstable:          0 kB
Bounce:                0 kB
WritebackTmp:          0 kB
CommitLimit:     4384104 kB
Committed_AS:   10767032 kB
VmallocTotal:     122880 kB
VmallocUsed:       25188 kB
VmallocChunk:      95672 kB
HardwareCorrupted:     0 kB
AnonHugePages:    380928 kB
HugePages_Total:       0
HugePages_Free:        0
HugePages_Rsvd:        0
HugePages_Surp:        0
Hugepagesize:       2048 kB
DirectMap4k:       26616 kB
DirectMap2M:      886784 kB


CPU:total 2 (2 cores per cpu, 1 threads per core) family 6 model 37 stepping 5, cmov, cx8, fxsr, mmx, sse, sse2, sse3, ssse3, popcnt, tsc, tscinvbit

/proc/cpuinfo:
processor	: 0
vendor_id	: GenuineIntel
cpu family	: 6
model		: 37
model name	: Intel(R) Pentium(R) CPU        P6200  @ 2.13GHz
stepping	: 5
microcode	: 0x2
cpu MHz		: 2133.000
cache size	: 3072 KB
physical id	: 0
siblings	: 2
core id		: 0
cpu cores	: 2
apicid		: 0
initial apicid	: 0
fdiv_bug	: no
f00f_bug	: no
coma_bug	: no
fpu		: yes
fpu_exception	: yes
cpuid level	: 11
wp		: yes
flags		: fpu vme de pse tsc msr pae mce cx8 apic sep mtrr pge mca cmov pat pse36 clflush dts acpi mmx fxsr sse sse2 ss ht tm pbe nx rdtscp lm constant_tsc arch_perfmon pebs bts xtopology nonstop_tsc aperfmperf pni dtes64 monitor ds_cpl est tm2 ssse3 cx16 xtpr pdcm pcid popcnt lahf_lm arat dtherm
bogomips	: 4255.97
clflush size	: 64
cache_alignment	: 64
address sizes	: 36 bits physical, 48 bits virtual
power management:

processor	: 1
vendor_id	: GenuineIntel
cpu family	: 6
model		: 37
model name	: Intel(R) Pentium(R) CPU        P6200  @ 2.13GHz
stepping	: 5
microcode	: 0x2
cpu MHz		: 2133.000
cache size	: 3072 KB
physical id	: 0
siblings	: 2
core id		: 2
cpu cores	: 2
apicid		: 4
initial apicid	: 4
fdiv_bug	: no
f00f_bug	: no
coma_bug	: no
fpu		: yes
fpu_exception	: yes
cpuid level	: 11
wp		: yes
flags		: fpu vme de pse tsc msr pae mce cx8 apic sep mtrr pge mca cmov pat pse36 clflush dts acpi mmx fxsr sse sse2 ss ht tm pbe nx rdtscp lm constant_tsc arch_perfmon pebs bts xtopology nonstop_tsc aperfmperf pni dtes64 monitor ds_cpl est tm2 ssse3 cx16 xtpr pdcm pcid popcnt lahf_lm arat dtherm
bogomips	: 4255.97
clflush size	: 64
cache_alignment	: 64
address sizes	: 36 bits physical, 48 bits virtual
power management:



Memory: 4k page, physical 2896604k(119420k free), swap 2935804k(20k free)

vm_info: OpenJDK Server VM (24.95-b01) for linux-x86 JRE (1.7.0_95-b00), built on Jan 21 2016 03:37:15 by "buildd" with gcc 4.8.4

time: Fri Mar 25 23:08:39 2016
elapsed time: 19 seconds

