#
# There is insufficient memory for the Java Runtime Environment to continue.
# Native memory allocation (malloc) failed to allocate 61865984 bytes for committing reserved memory.
# Possible reasons:
#   The system is out of physical RAM or swap space
#   In 32 bit mode, the process size limit was hit
# Possible solutions:
#   Reduce memory load on the system
#   Increase physical memory or swap space
#   Check if swap backing store is full
#   Use 64 bit Java on a 64 bit OS
#   Decrease Java heap size (-Xmx/-Xms)
#   Decrease number of Java threads
#   Decrease Java thread stack sizes (-Xss)
#   Set larger code cache with -XX:ReservedCodeCacheSize=
# This output file may be truncated or incomplete.
#
#  Out of Memory Error (os_linux.cpp:2827), pid=17365, tid=1745374016
#
# JRE version: OpenJDK Runtime Environment (7.0_95) (build 1.7.0_95-b00)
# Java VM: OpenJDK Server VM (24.95-b01 mixed mode linux-x86 )
# Derivative: IcedTea 2.6.4
# Distribution: Ubuntu 14.04.3 LTS, package 7u95-2.6.4-0ubuntu0.14.04.1
# Failed to write core dump. Core dumps have been disabled. To enable core dumping, try "ulimit -c unlimited" before starting Java again
#

---------------  T H R E A D  ---------------

Current thread (0x67f10400):  VMThread [stack: 0x68004000,0x68085000] [id=17373]

Stack: [0x68004000,0x68085000]
VM_Operation (0xb6537758): ParallelGCFailedAllocation, mode: safepoint, requested by thread 0xb6307c00


---------------  P R O C E S S  ---------------

Java Threads: ( => current thread )
  0x67fedc00 JavaThread "pool-1-thread-4" [_thread_blocked, id=17391, stack(0x6751a000,0x6756b000)]
  0x67fec000 JavaThread "pool-1-thread-3" [_thread_blocked, id=17390, stack(0x6756b000,0x675bc000)]
  0x67feb000 JavaThread "pool-1-thread-2" [_thread_blocked, id=17389, stack(0x675bc000,0x6760d000)]
  0x67fe8400 JavaThread "pool-2-thread-1" [_thread_blocked, id=17388, stack(0x6760d000,0x6765e000)]
  0x67fe7400 JavaThread "pool-1-thread-1" [_thread_blocked, id=17387, stack(0x6765e000,0x676af000)]
  0x67f2c400 JavaThread "Service Thread" daemon [_thread_blocked, id=17380, stack(0x67aba000,0x67b0b000)]
  0x67f2a800 JavaThread "C2 CompilerThread1" daemon [_thread_blocked, id=17379, stack(0x67b0b000,0x67b8c000)]
  0x67f28800 JavaThread "C2 CompilerThread0" daemon [_thread_blocked, id=17378, stack(0x67b8c000,0x67c0d000)]
  0x67f26c00 JavaThread "Signal Dispatcher" daemon [_thread_blocked, id=17377, stack(0x67c0d000,0x67c5e000)]
  0x67f14400 JavaThread "Finalizer" daemon [_thread_blocked, id=17375, stack(0x67e5e000,0x67eaf000)]
  0x67f12c00 JavaThread "Reference Handler" daemon [_thread_blocked, id=17374, stack(0x67eaf000,0x67f00000)]
  0xb6307c00 JavaThread "main" [_thread_blocked, id=17368, stack(0xb64e8000,0xb6539000)]

Other Threads:
=>0x67f10400 VMThread [stack: 0x68004000,0x68085000] [id=17373]
  0x67f2e800 WatcherThread [stack: 0x67a39000,0x67aba000] [id=17381]

VM state:at safepoint (normal execution)

VM Mutex/Monitor currently owned by a thread:  ([mutex/lock_event])
[0xb6305380] Threads_lock - owner thread: 0x67f10400
[0xb6305790] Heap_lock - owner thread: 0xb6307c00

Heap
 PSYoungGen      total 101376K, used 15606K [0x9dcc0000, 0xa52c0000, 0xb3240000)
  eden space 85760K, 0% used [0x9dcc0000,0x9dcc0000,0xa3080000)
  from space 15616K, 99% used [0xa3080000,0xa3fbdbd8,0xa3fc0000)
  to   space 11776K, 0% used [0xa3fc0000,0xa3fc0000,0xa4b40000)
 ParOldGen       total 30208K, used 26516K [0x73240000, 0x74fc0000, 0x9dcc0000)
  object space 30208K, 87% used [0x73240000,0x74c25358,0x74fc0000)
 PSPermGen       total 16384K, used 4275K [0x6b240000, 0x6c240000, 0x73240000)
  object space 16384K, 26% used [0x6b240000,0x6b66ce40,0x6c240000)

Card table byte_map: [0x6afff000,0x6b240000] byte_map_base: 0x6aca5e00

Polling page: 0xb76ef000

Code Cache  [0xb3300000, 0xb3540000, 0xb6300000)
 total_blobs=444 nmethods=322 adapters=76 free_code_cache=47777Kb largest_free_block=48893696

Compilation events (10 events):
Event: 23.984 Thread 0x67f2a800 nmethod 326 0xb3395e88 code [0xb3396000, 0xb3396444]
Event: 23.984 Thread 0x67f2a800  327             java.util.HashMap::createEntry (39 bytes)
Event: 23.989 Thread 0x67f2a800 nmethod 327 0xb33f6188 code [0xb33f6280, 0xb33f63f0]
Event: 23.989 Thread 0x67f2a800  328             java.util.AbstractSet::<init> (5 bytes)
Event: 23.990 Thread 0x67f2a800 nmethod 328 0xb33c0b88 code [0xb33c0c60, 0xb33c0cb0]
Event: 23.990 Thread 0x67f2a800  329             com.android.dx.rop.code.BasicBlockList::getInstructionCount (48 bytes)
Event: 24.002 Thread 0x67f2a800 nmethod 329 0xb33c2f48 code [0xb33c3040, 0xb33c31f0]
Event: 24.002 Thread 0x67f2a800  330             com.android.dx.rop.cst.CstString::isCategory2 (2 bytes)
Event: 24.002 Thread 0x67f2a800 nmethod 330 0xb342a988 code [0xb342aa60, 0xb342aab0]
Event: 24.002 Thread 0x67f2a800  331             com.android.dx.ssa.SCCP::addBlockToWorklist (47 bytes)

GC Heap History (10 events):
Event: 5.442 GC heap after
Heap after GC invocations=4 (full 0):
 PSYoungGen      total 24832K, used 1782K [0x9dcc0000, 0x9f6c0000, 0xb3240000)
  eden space 23040K, 0% used [0x9dcc0000,0x9dcc0000,0x9f340000)
  from space 1792K, 99% used [0x9f500000,0x9f6bd900,0x9f6c0000)
  to   space 1792K, 0% used [0x9f340000,0x9f340000,0x9f500000)
 ParOldGen       total 30208K, used 5499K [0x73240000, 0x74fc0000, 0x9dcc0000)
  object space 30208K, 18% used [0x73240000,0x7379ed38,0x74fc0000)
 PSPermGen       total 16384K, used 4163K [0x6b240000, 0x6c240000, 0x73240000)
  object space 16384K, 25% used [0x6b240000,0x6b650ee8,0x6c240000)
}
Event: 8.161 GC heap before
{Heap before GC invocations=5 (full 0):
 PSYoungGen      total 24832K, used 24822K [0x9dcc0000, 0x9f6c0000, 0xb3240000)
  eden space 23040K, 100% used [0x9dcc0000,0x9f340000,0x9f340000)
  from space 1792K, 99% used [0x9f500000,0x9f6bd900,0x9f6c0000)
  to   space 1792K, 0% used [0x9f340000,0x9f340000,0x9f500000)
 ParOldGen       total 30208K, used 5499K [0x73240000, 0x74fc0000, 0x9dcc0000)
  object space 30208K, 18% used [0x73240000,0x7379ed38,0x74fc0000)
 PSPermGen       total 16384K, used 4203K [0x6b240000, 0x6c240000, 0x73240000)
  object space 16384K, 25% used [0x6b240000,0x6b65ac90,0x6c240000)
Event: 8.204 GC heap after
Heap after GC invocations=5 (full 0):
 PSYoungGen      total 24832K, used 1782K [0x9dcc0000, 0xa1740000, 0xb3240000)
  eden space 23040K, 0% used [0x9dcc0000,0x9dcc0000,0x9f340000)
  from space 1792K, 99% used [0x9f340000,0x9f4fdb70,0x9f500000)
  to   space 6912K, 0% used [0xa1080000,0xa1080000,0xa1740000)
 ParOldGen       total 30208K, used 9261K [0x73240000, 0x74fc0000, 0x9dcc0000)
  object space 30208K, 30% used [0x73240000,0x73b4b5d8,0x74fc0000)
 PSPermGen       total 16384K, used 4203K [0x6b240000, 0x6c240000, 0x73240000)
  object space 16384K, 25% used [0x6b240000,0x6b65ac90,0x6c240000)
}
Event: 10.091 GC heap before
{Heap before GC invocations=6 (full 0):
 PSYoungGen      total 24832K, used 24822K [0x9dcc0000, 0xa1740000, 0xb3240000)
  eden space 23040K, 100% used [0x9dcc0000,0x9f340000,0x9f340000)
  from space 1792K, 99% used [0x9f340000,0x9f4fdb70,0x9f500000)
  to   space 6912K, 0% used [0xa1080000,0xa1080000,0xa1740000)
 ParOldGen       total 30208K, used 9261K [0x73240000, 0x74fc0000, 0x9dcc0000)
  object space 30208K, 30% used [0x73240000,0x73b4b5d8,0x74fc0000)
 PSPermGen       total 16384K, used 4214K [0x6b240000, 0x6c240000, 0x73240000)
  object space 16384K, 25% used [0x6b240000,0x6b65db10,0x6c240000)
Event: 10.172 GC heap after
Heap after GC invocations=6 (full 0):
 PSYoungGen      total 51712K, used 6679K [0x9dcc0000, 0xa19c0000, 0xb3240000)
  eden space 44800K, 0% used [0x9dcc0000,0x9dcc0000,0xa0880000)
  from space 6912K, 96% used [0xa1080000,0xa1705ff0,0xa1740000)
  to   space 8192K, 0% used [0xa0880000,0xa0880000,0xa1080000)
 ParOldGen       total 30208K, used 9261K [0x73240000, 0x74fc0000, 0x9dcc0000)
  object space 30208K, 30% used [0x73240000,0x73b4b5d8,0x74fc0000)
 PSPermGen       total 16384K, used 4214K [0x6b240000, 0x6c240000, 0x73240000)
  object space 16384K, 25% used [0x6b240000,0x6b65db10,0x6c240000)
}
Event: 13.979 GC heap before
{Heap before GC invocations=7 (full 0):
 PSYoungGen      total 51712K, used 51479K [0x9dcc0000, 0xa19c0000, 0xb3240000)
  eden space 44800K, 100% used [0x9dcc0000,0xa0880000,0xa0880000)
  from space 6912K, 96% used [0xa1080000,0xa1705ff0,0xa1740000)
  to   space 8192K, 0% used [0xa0880000,0xa0880000,0xa1080000)
 ParOldGen       total 30208K, used 9261K [0x73240000, 0x74fc0000, 0x9dcc0000)
  object space 30208K, 30% used [0x73240000,0x73b4b5d8,0x74fc0000)
 PSPermGen       total 16384K, used 4232K [0x6b240000, 0x6c240000, 0x73240000)
  object space 16384K, 25% used [0x6b240000,0x6b662150,0x6c240000)
Event: 14.273 GC heap after
Heap after GC invocations=7 (full 0):
 PSYoungGen      total 52992K, used 8186K [0x9dcc0000, 0xa4b40000, 0xb3240000)
  eden space 44800K, 0% used [0x9dcc0000,0x9dcc0000,0xa0880000)
  from space 8192K, 99% used [0xa0880000,0xa107e920,0xa1080000)
  to   space 11776K, 0% used [0xa3fc0000,0xa3fc0000,0xa4b40000)
 ParOldGen       total 30208K, used 13278K [0x73240000, 0x74fc0000, 0x9dcc0000)
  object space 30208K, 43% used [0x73240000,0x73f37bc8,0x74fc0000)
 PSPermGen       total 16384K, used 4232K [0x6b240000, 0x6c240000, 0x73240000)
  object space 16384K, 25% used [0x6b240000,0x6b662150,0x6c240000)
}
Event: 19.868 GC heap before
{Heap before GC invocations=8 (full 0):
 PSYoungGen      total 52992K, used 52986K [0x9dcc0000, 0xa4b40000, 0xb3240000)
  eden space 44800K, 100% used [0x9dcc0000,0xa0880000,0xa0880000)
  from space 8192K, 99% used [0xa0880000,0xa107e920,0xa1080000)
  to   space 11776K, 0% used [0xa3fc0000,0xa3fc0000,0xa4b40000)
 ParOldGen       total 30208K, used 13278K [0x73240000, 0x74fc0000, 0x9dcc0000)
  object space 30208K, 43% used [0x73240000,0x73f37bc8,0x74fc0000)
 PSPermGen       total 16384K, used 4253K [0x6b240000, 0x6c240000, 0x73240000)
  object space 16384K, 25% used [0x6b240000,0x6b667618,0x6c240000)
Event: 19.928 GC heap after
Heap after GC invocations=8 (full 0):
 PSYoungGen      total 97536K, used 11760K [0x9dcc0000, 0xa52c0000, 0xb3240000)
  eden space 85760K, 0% used [0x9dcc0000,0x9dcc0000,0xa3080000)
  from space 11776K, 99% used [0xa3fc0000,0xa4b3c288,0xa4b40000)
  to   space 15616K, 0% used [0xa3080000,0xa3080000,0xa3fc0000)
 ParOldGen       total 30208K, used 17168K [0x73240000, 0x74fc0000, 0x9dcc0000)
  object space 30208K, 56% used [0x73240000,0x743042b8,0x74fc0000)
 PSPermGen       total 16384K, used 4253K [0x6b240000, 0x6c240000, 0x73240000)
  object space 16384K, 25% used [0x6b240000,0x6b667618,0x6c240000)
}
Event: 24.009 GC heap before
{Heap before GC invocations=9 (full 0):
 PSYoungGen      total 97536K, used 97520K [0x9dcc0000, 0xa52c0000, 0xb3240000)
  eden space 85760K, 100% used [0x9dcc0000,0xa3080000,0xa3080000)
  from space 11776K, 99% used [0xa3fc0000,0xa4b3c288,0xa4b40000)
  to   space 15616K, 0% used [0xa3080000,0xa3080000,0xa3fc0000)
 ParOldGen       total 30208K, used 17168K [0x73240000, 0x74fc0000, 0x9dcc0000)
  object space 30208K, 56% used [0x73240000,0x743042b8,0x74fc0000)
 PSPermGen       total 16384K, used 4275K [0x6b240000, 0x6c240000, 0x73240000)
  object space 16384K, 26% used [0x6b240000,0x6b66ce40,0x6c240000)

Deoptimization events (10 events):
Event: 8.213 Thread 0x67fedc00 Uncommon trap: reason=unstable_if action=reinterpret pc=0xb336e9cc method=com.android.dx.rop.code.RegisterSpec.equals(ILcom/android/dx/rop/type/TypeBearer;Lcom/android/dx/rop/code/LocalItem;)Z @ 42
Event: 8.608 Thread 0x67fedc00 Uncommon trap: reason=class_check action=maybe_recompile pc=0xb338c6d8 method=java.util.HashMap.put(Ljava/lang/Object;Ljava/lang/Object;)Ljava/lang/Object; @ 83
Event: 8.608 Thread 0x67fedc00 Uncommon trap: reason=class_check action=maybe_recompile pc=0xb338c6d8 method=java.util.HashMap.put(Ljava/lang/Object;Ljava/lang/Object;)Ljava/lang/Object; @ 83
Event: 9.973 Thread 0x67fec000 Uncommon trap: reason=unstable_if action=reinterpret pc=0xb33b5738 method=com.android.dx.ssa.SsaRenamer$BlockRenamer.process()V @ 90
Event: 11.381 Thread 0x67fec000 Uncommon trap: reason=unstable_if action=reinterpret pc=0xb33c0904 method=com.android.dx.util.IntList.binarysearch(I)I @ 105
Event: 13.418 Thread 0x67feb000 Uncommon trap: reason=unstable_if action=reinterpret pc=0xb33714ec method=com.android.dx.util.IntList.binarysearch(I)I @ 105
Event: 17.677 Thread 0x67fe7400 Uncommon trap: reason=unstable_if action=reinterpret pc=0xb33c8ef8 method=com.android.dx.ssa.SCCP.simulateBranch(Lcom/android/dx/ssa/SsaInsn;)V @ 548
Event: 21.097 Thread 0x67fedc00 Uncommon trap: reason=null_check action=make_not_entrant pc=0xb34020c0 method=com.android.dx.cf.code.Ropper$CatchInfo.getSetup(Lcom/android/dx/rop/type/Type;)Lcom/android/dx/cf/code/Ropper$ExceptionHandlerSetup; @ 10
Event: 23.221 Thread 0x67feb000 Uncommon trap: reason=unstable_if action=reinterpret pc=0xb33a9b54 method=com.android.dx.ssa.Dominators.run()V @ 346
Event: 23.560 Thread 0x67fe7400 Uncommon trap: reason=unstable_if action=reinterpret pc=0xb340fda4 method=com.android.dx.ssa.SCCP.simulateStmt(Lcom/android/dx/ssa/SsaInsn;)V @ 59

Internal exceptions (10 events):
Event: 1.572 Thread 0x67fec000 Threw 0x9e7419c8 at /build/openjdk-7-EUuUjL/openjdk-7-7u95-2.6.4/build/openjdk/hotspot/src/share/vm/prims/jvm.cpp:1322
Event: 2.196 Thread 0x67feb000 Threw 0x9de6b008 at /build/openjdk-7-EUuUjL/openjdk-7-7u95-2.6.4/build/openjdk/hotspot/src/share/vm/prims/jvm.cpp:1322
Event: 2.738 Thread 0x67feb000 Threw 0x9e1331b0 at /build/openjdk-7-EUuUjL/openjdk-7-7u95-2.6.4/build/openjdk/hotspot/src/share/vm/prims/jvm.cpp:1322
Event: 3.388 Thread 0x67fe7400 Threw 0x9e689ed0 at /build/openjdk-7-EUuUjL/openjdk-7-7u95-2.6.4/build/openjdk/hotspot/src/share/vm/prims/jvm.cpp:1322
Event: 4.466 Thread 0xb6307c00 Implicit null exception at 0xb3384c96 to 0xb3385221
Event: 7.245 Thread 0xb6307c00 Threw 0x9e6f88e0 at /build/openjdk-7-EUuUjL/openjdk-7-7u95-2.6.4/build/openjdk/hotspot/src/share/vm/prims/jvm.cpp:1322
Event: 7.367 Thread 0xb6307c00 Threw 0x9e92b130 at /build/openjdk-7-EUuUjL/openjdk-7-7u95-2.6.4/build/openjdk/hotspot/src/share/vm/prims/jvm.cpp:1322
Event: 9.406 Thread 0x67fe7400 Threw 0x9ead7fb0 at /build/openjdk-7-EUuUjL/openjdk-7-7u95-2.6.4/build/openjdk/hotspot/src/share/vm/prims/jvm.cpp:1322
Event: 20.591 Thread 0xb6307c00 Threw 0x9e69f408 at /build/openjdk-7-EUuUjL/openjdk-7-7u95-2.6.4/build/openjdk/hotspot/src/share/vm/prims/jvm.cpp:1322
Event: 21.096 Thread 0x67fedc00 Implicit null exception at 0xb33ff030 to 0xb340209d

Events (10 events):
Event: 21.391 Thread 0x67f28800 flushing nmethod 0xb335f188
Event: 21.392 Thread 0x67f28800 flushing nmethod 0xb3363648
Event: 22.788 Thread 0x67f2a800 flushing nmethod 0xb3394d08
Event: 23.220 Thread 0x67feb000 Uncommon trap: trap_request=0xffffff75 fr.pc=0xb33a9b54
Event: 23.221 Thread 0x67feb000 DEOPT PACKING pc=0xb33a9b54 sp=0x6760bb50
Event: 23.222 Thread 0x67feb000 DEOPT UNPACKING pc=0xb332cbc8 sp=0x6760bb70 mode 2
Event: 23.560 Thread 0x67fe7400 Uncommon trap: trap_request=0xffffff75 fr.pc=0xb340fda4
Event: 23.561 Thread 0x67fe7400 DEOPT PACKING pc=0xb340fda4 sp=0x676adba0
Event: 23.562 Thread 0x67fe7400 DEOPT UNPACKING pc=0xb332cbc8 sp=0x676adb7c mode 2
Event: 24.005 Executing VM operation: ParallelGCFailedAllocation


Dynamic libraries:
08048000-08049000 r-xp 00000000 08:01 9848463    /usr/lib/jvm/java-7-openjdk-i386/jre/bin/java
08049000-0804a000 r--p 00000000 08:01 9848463    /usr/lib/jvm/java-7-openjdk-i386/jre/bin/java
0804a000-0804b000 rw-p 00001000 08:01 9848463    /usr/lib/jvm/java-7-openjdk-i386/jre/bin/java
09abf000-0a86a000 rw-p 00000000 00:00 0          [heap]
66400000-66493000 rw-p 00000000 00:00 0 
66493000-66500000 ---p 00000000 00:00 0 
66600000-666f9000 rw-p 00000000 00:00 0 
666f9000-66700000 ---p 00000000 00:00 0 
66800000-668f9000 rw-p 00000000 00:00 0 
668f9000-66900000 ---p 00000000 00:00 0 
66a00000-66aff000 rw-p 00000000 00:00 0 
66aff000-66b00000 ---p 00000000 00:00 0 
66c00000-66cfe000 rw-p 00000000 00:00 0 
66cfe000-66d00000 ---p 00000000 00:00 0 
66e00000-66efa000 rw-p 00000000 00:00 0 
66efa000-66f00000 ---p 00000000 00:00 0 
67000000-670fa000 rw-p 00000000 00:00 0 
670fa000-67100000 ---p 00000000 00:00 0 
67100000-671fd000 rw-p 00000000 00:00 0 
671fd000-67200000 ---p 00000000 00:00 0 
67200000-672ff000 rw-p 00000000 00:00 0 
672ff000-67300000 ---p 00000000 00:00 0 
67300000-67400000 rw-p 00000000 00:00 0 
67400000-67426000 rw-p 00000000 00:00 0 
67426000-67500000 ---p 00000000 00:00 0 
6751a000-6751d000 ---p 00000000 00:00 0 
6751d000-6756b000 rw-p 00000000 00:00 0          [stack:17391]
6756b000-6756e000 ---p 00000000 00:00 0 
6756e000-675bc000 rw-p 00000000 00:00 0          [stack:17390]
675bc000-675bf000 ---p 00000000 00:00 0 
675bf000-6760d000 rw-p 00000000 00:00 0          [stack:17389]
6760d000-67610000 ---p 00000000 00:00 0 
67610000-6765e000 rw-p 00000000 00:00 0          [stack:17388]
6765e000-67661000 ---p 00000000 00:00 0 
67661000-676af000 rw-p 00000000 00:00 0          [stack:17387]
676af000-676eb000 r-xp 00000000 08:01 10748937   /lib/i386-linux-gnu/libpcre.so.3.13.1
676eb000-676ec000 r--p 0003b000 08:01 10748937   /lib/i386-linux-gnu/libpcre.so.3.13.1
676ec000-676ed000 rw-p 0003c000 08:01 10748937   /lib/i386-linux-gnu/libpcre.so.3.13.1
676ed000-67700000 r-xp 00000000 08:01 10755879   /lib/i386-linux-gnu/libresolv-2.19.so
67700000-67701000 ---p 00013000 08:01 10755879   /lib/i386-linux-gnu/libresolv-2.19.so
67701000-67702000 r--p 00013000 08:01 10755879   /lib/i386-linux-gnu/libresolv-2.19.so
67702000-67703000 rw-p 00014000 08:01 10755879   /lib/i386-linux-gnu/libresolv-2.19.so
67703000-67705000 rw-p 00000000 00:00 0 
67705000-67725000 r-xp 00000000 08:01 10749047   /lib/i386-linux-gnu/libselinux.so.1
67725000-67726000 r--p 0001f000 08:01 10749047   /lib/i386-linux-gnu/libselinux.so.1
67726000-67727000 rw-p 00020000 08:01 10749047   /lib/i386-linux-gnu/libselinux.so.1
67727000-67728000 rw-p 00000000 00:00 0 
67728000-67832000 r-xp 00000000 08:01 10752335   /lib/i386-linux-gnu/libglib-2.0.so.0.4002.0
67832000-67833000 r--p 00109000 08:01 10752335   /lib/i386-linux-gnu/libglib-2.0.so.0.4002.0
67833000-67834000 rw-p 0010a000 08:01 10752335   /lib/i386-linux-gnu/libglib-2.0.so.0.4002.0
67834000-67884000 r-xp 00000000 08:01 9699829    /usr/lib/i386-linux-gnu/libgobject-2.0.so.0.4002.0
67884000-67885000 r--p 0004f000 08:01 9699829    /usr/lib/i386-linux-gnu/libgobject-2.0.so.0.4002.0
67885000-67886000 rw-p 00050000 08:01 9699829    /usr/lib/i386-linux-gnu/libgobject-2.0.so.0.4002.0
67886000-67a03000 r-xp 00000000 08:01 9704383    /usr/lib/i386-linux-gnu/libgio-2.0.so.0.4002.0
67a03000-67a05000 r--p 0017d000 08:01 9704383    /usr/lib/i386-linux-gnu/libgio-2.0.so.0.4002.0
67a05000-67a06000 rw-p 0017f000 08:01 9704383    /usr/lib/i386-linux-gnu/libgio-2.0.so.0.4002.0
67a06000-67a07000 rw-p 00000000 00:00 0 
67a1f000-67a37000 r-xp 00000000 08:01 9848559    /usr/lib/jvm/java-7-openjdk-i386/jre/lib/i386/libnet.so
67a37000-67a38000 r--p 00017000 08:01 9848559    /usr/lib/jvm/java-7-openjdk-i386/jre/lib/i386/libnet.so
67a38000-67a39000 rw-p 00018000 08:01 9848559    /usr/lib/jvm/java-7-openjdk-i386/jre/lib/i386/libnet.so
67a39000-67a3a000 ---p 00000000 00:00 0 
67a3a000-67aba000 rw-p 00000000 00:00 0          [stack:17381]
67aba000-67abd000 ---p 00000000 00:00 0 
67abd000-67b0b000 rw-p 00000000 00:00 0          [stack:17380]
67b0b000-67b0e000 ---p 00000000 00:00 0 
67b0e000-67b8c000 rw-p 00000000 00:00 0          [stack:17379]
67b8c000-67b8f000 ---p 00000000 00:00 0 
67b8f000-67c0d000 rw-p 00000000 00:00 0          [stack:17378]
67c0d000-67c10000 ---p 00000000 00:00 0 
67c10000-67c5e000 rw-p 00000000 00:00 0          [stack:17377]
67c5e000-67e5e000 r--p 00000000 08:01 9707683    /usr/lib/locale/locale-archive
67e5e000-67e61000 ---p 00000000 00:00 0 
67e61000-67eaf000 rw-p 00000000 00:00 0          [stack:17375]
67eaf000-67eb2000 ---p 00000000 00:00 0 
67eb2000-67f00000 rw-p 00000000 00:00 0          [stack:17374]
67f00000-68000000 rw-p 00000000 00:00 0 
68004000-68005000 ---p 00000000 00:00 0 
68005000-680ce000 rw-p 00000000 00:00 0          [stack:17373]
680ce000-68280000 r--s 01d2f000 08:01 9848566    /usr/lib/jvm/java-7-openjdk-i386/jre/lib/rt.jar
68280000-6ab00000 rw-p 00000000 00:00 0 
6ab00000-6abf8000 rw-p 00000000 00:00 0 
6abf8000-6ac00000 ---p 00000000 00:00 0 
6ac05000-6ac0a000 r-xp 00000000 08:01 9703118    /usr/lib/i386-linux-gnu/libffi.so.6.0.1
6ac0a000-6ac0b000 r--p 00005000 08:01 9703118    /usr/lib/i386-linux-gnu/libffi.so.6.0.1
6ac0b000-6ac0c000 rw-p 00006000 08:01 9703118    /usr/lib/i386-linux-gnu/libffi.so.6.0.1
6ac0c000-6ac0f000 r-xp 00000000 08:01 9704390    /usr/lib/i386-linux-gnu/libgmodule-2.0.so.0.4002.0
6ac0f000-6ac10000 r--p 00002000 08:01 9704390    /usr/lib/i386-linux-gnu/libgmodule-2.0.so.0.4002.0
6ac10000-6ac11000 rw-p 00003000 08:01 9704390    /usr/lib/i386-linux-gnu/libgmodule-2.0.so.0.4002.0
6ac11000-6ac22000 r-xp 00000000 08:01 9848537    /usr/lib/jvm/java-7-openjdk-i386/jre/lib/i386/libnio.so
6ac22000-6ac23000 r--p 00010000 08:01 9848537    /usr/lib/jvm/java-7-openjdk-i386/jre/lib/i386/libnio.so
6ac23000-6ac24000 rw-p 00011000 08:01 9848537    /usr/lib/jvm/java-7-openjdk-i386/jre/lib/i386/libnio.so
6ac24000-6ac7f000 rw-p 00000000 00:00 0 
6ac7f000-6ac80000 ---p 00000000 00:00 0 
6ac80000-6ad00000 rw-p 00000000 00:00 0          [stack:17370]
6ad00000-6ad25000 rw-p 00000000 00:00 0 
6ad25000-6ae00000 ---p 00000000 00:00 0 
6ae00000-6ae15000 r--s 000e5000 08:01 4064140    /home/node/AndroidStudioProjects/pressbox_app/pressbox-android/app/build/intermediates/exploded-aar/com.android.support/support-v4/23.1.1/jars/classes.jar
6ae15000-6ae24000 r--s 000df000 08:01 1312569    /home/node/Android/Sdk/build-tools/23.0.2/lib/dx.jar
6ae24000-6ae28000 r--s 00085000 08:01 9848570    /usr/lib/jvm/java-7-openjdk-i386/jre/lib/ext/localedata.jar
6ae28000-6ae29000 ---p 00000000 00:00 0 
6ae29000-6aeb8000 rw-p 00000000 00:00 0          [stack:17369]
6aeb8000-6afff000 rw-p 00000000 00:00 0 
6afff000-6b007000 rw-p 00000000 00:00 0 
6b007000-6b03f000 rw-p 00000000 00:00 0 
6b03f000-6b04e000 rw-p 00000000 00:00 0 
6b04e000-6b194000 rw-p 00000000 00:00 0 
6b194000-6b1d0000 rw-p 00000000 00:00 0 
6b1d0000-6b23f000 rw-p 00000000 00:00 0 
6b23f000-6c240000 rw-p 00000000 00:00 0 
6c240000-73240000 rw-p 00000000 00:00 0 
73240000-74fc0000 rw-p 00000000 00:00 0 
74fc0000-9dcc0000 rw-p 00000000 00:00 0 
9dcc0000-a52c0000 rw-p 00000000 00:00 0 
a8dc0000-b3240000 rw-p 00000000 00:00 0 
b3240000-b3249000 rw-p 00000000 00:00 0 
b3249000-b3300000 rw-p 00000000 00:00 0 
b3300000-b3540000 rwxp 00000000 00:00 0 
b3540000-b63fd000 rw-p 00000000 00:00 0 
b63fd000-b6400000 ---p 00000000 00:00 0 
b6400000-b6404000 r--s 00034000 08:01 9848571    /usr/lib/jvm/java-7-openjdk-i386/jre/lib/ext/sunjce_provider.jar
b6404000-b6408000 r--s 0003c000 08:01 9848573    /usr/lib/jvm/java-7-openjdk-i386/jre/lib/ext/sunpkcs11.jar
b6408000-b642b000 rw-p 00000000 00:00 0 
b642b000-b6463000 rw-p 00000000 00:00 0 
b6463000-b646e000 r-xp 00000000 08:01 10755882   /lib/i386-linux-gnu/libnss_files-2.19.so
b646e000-b646f000 r--p 0000a000 08:01 10755882   /lib/i386-linux-gnu/libnss_files-2.19.so
b646f000-b6470000 rw-p 0000b000 08:01 10755882   /lib/i386-linux-gnu/libnss_files-2.19.so
b6470000-b647a000 r-xp 00000000 08:01 10755876   /lib/i386-linux-gnu/libnss_nis-2.19.so
b647a000-b647b000 r--p 00009000 08:01 10755876   /lib/i386-linux-gnu/libnss_nis-2.19.so
b647b000-b647c000 rw-p 0000a000 08:01 10755876   /lib/i386-linux-gnu/libnss_nis-2.19.so
b647c000-b6491000 r-xp 00000000 08:01 10755886   /lib/i386-linux-gnu/libnsl-2.19.so
b6491000-b6492000 r--p 00015000 08:01 10755886   /lib/i386-linux-gnu/libnsl-2.19.so
b6492000-b6493000 rw-p 00016000 08:01 10755886   /lib/i386-linux-gnu/libnsl-2.19.so
b6493000-b6495000 rw-p 00000000 00:00 0 
b6495000-b649c000 r-xp 00000000 08:01 10755869   /lib/i386-linux-gnu/libnss_compat-2.19.so
b649c000-b649d000 r--p 00006000 08:01 10755869   /lib/i386-linux-gnu/libnss_compat-2.19.so
b649d000-b649e000 rw-p 00007000 08:01 10755869   /lib/i386-linux-gnu/libnss_compat-2.19.so
b64a1000-b64a4000 r--s 0000f000 08:01 9848575    /usr/lib/jvm/java-7-openjdk-i386/jre/lib/ext/icedtea-sound.jar
b64a4000-b64ac000 r-xp 00000000 08:01 9848529    /usr/lib/jvm/java-7-openjdk-i386/jre/lib/i386/libzip.so
b64ac000-b64ad000 r--p 00007000 08:01 9848529    /usr/lib/jvm/java-7-openjdk-i386/jre/lib/i386/libzip.so
b64ad000-b64ae000 rw-p 00008000 08:01 9848529    /usr/lib/jvm/java-7-openjdk-i386/jre/lib/i386/libzip.so
b64ae000-b64b6000 rw-s 00000000 08:01 11146261   /tmp/hsperfdata_node/17365
b64b6000-b64dd000 r-xp 00000000 08:01 9848555    /usr/lib/jvm/java-7-openjdk-i386/jre/lib/i386/libjava.so
b64dd000-b64de000 r--p 00026000 08:01 9848555    /usr/lib/jvm/java-7-openjdk-i386/jre/lib/i386/libjava.so
b64de000-b64df000 rw-p 00027000 08:01 9848555    /usr/lib/jvm/java-7-openjdk-i386/jre/lib/i386/libjava.so
b64df000-b64e6000 r-xp 00000000 08:01 10755881   /lib/i386-linux-gnu/librt-2.19.so
b64e6000-b64e7000 r--p 00006000 08:01 10755881   /lib/i386-linux-gnu/librt-2.19.so
b64e7000-b64e8000 rw-p 00007000 08:01 10755881   /lib/i386-linux-gnu/librt-2.19.so
b64e8000-b64eb000 ---p 00000000 00:00 0 
b64eb000-b6539000 rw-p 00000000 00:00 0          [stack:17368]
b6539000-b6555000 r-xp 00000000 08:01 10747933   /lib/i386-linux-gnu/libgcc_s.so.1
b6555000-b6556000 rw-p 0001b000 08:01 10747933   /lib/i386-linux-gnu/libgcc_s.so.1
b6556000-b659a000 r-xp 00000000 08:01 10755864   /lib/i386-linux-gnu/libm-2.19.so
b659a000-b659b000 r--p 00043000 08:01 10755864   /lib/i386-linux-gnu/libm-2.19.so
b659b000-b659c000 rw-p 00044000 08:01 10755864   /lib/i386-linux-gnu/libm-2.19.so
b659c000-b6678000 r-xp 00000000 08:01 9703072    /usr/lib/i386-linux-gnu/libstdc++.so.6.0.19
b6678000-b667c000 r--p 000dc000 08:01 9703072    /usr/lib/i386-linux-gnu/libstdc++.so.6.0.19
b667c000-b667d000 rw-p 000e0000 08:01 9703072    /usr/lib/i386-linux-gnu/libstdc++.so.6.0.19
b667d000-b6684000 rw-p 00000000 00:00 0 
b6684000-b707b000 r-xp 00000000 08:01 9848531    /usr/lib/jvm/java-7-openjdk-i386/jre/lib/i386/server/libjvm.so
b707b000-b70cd000 r--p 009f7000 08:01 9848531    /usr/lib/jvm/java-7-openjdk-i386/jre/lib/i386/server/libjvm.so
b70cd000-b70e1000 rw-p 00a49000 08:01 9848531    /usr/lib/jvm/java-7-openjdk-i386/jre/lib/i386/server/libjvm.so
b70e1000-b74ff000 rw-p 00000000 00:00 0 
b74ff000-b7517000 r-xp 00000000 08:01 10749080   /lib/i386-linux-gnu/libz.so.1.2.8
b7517000-b7518000 r--p 00017000 08:01 10749080   /lib/i386-linux-gnu/libz.so.1.2.8
b7518000-b7519000 rw-p 00018000 08:01 10749080   /lib/i386-linux-gnu/libz.so.1.2.8
b7519000-b7531000 r-xp 00000000 08:01 10755872   /lib/i386-linux-gnu/libpthread-2.19.so
b7531000-b7532000 r--p 00018000 08:01 10755872   /lib/i386-linux-gnu/libpthread-2.19.so
b7532000-b7533000 rw-p 00019000 08:01 10755872   /lib/i386-linux-gnu/libpthread-2.19.so
b7533000-b7535000 rw-p 00000000 00:00 0 
b7535000-b7538000 r-xp 00000000 08:01 10755877   /lib/i386-linux-gnu/libdl-2.19.so
b7538000-b7539000 r--p 00002000 08:01 10755877   /lib/i386-linux-gnu/libdl-2.19.so
b7539000-b753a000 rw-p 00003000 08:01 10755877   /lib/i386-linux-gnu/libdl-2.19.so
b753a000-b76e2000 r-xp 00000000 08:01 10755880   /lib/i386-linux-gnu/libc-2.19.so
b76e2000-b76e4000 r--p 001a8000 08:01 10755880   /lib/i386-linux-gnu/libc-2.19.so
b76e4000-b76e5000 rw-p 001aa000 08:01 10755880   /lib/i386-linux-gnu/libc-2.19.so
b76e5000-b76e8000 rw-p 00000000 00:00 0 
b76e8000-b76ea000 r--s 00006000 08:01 10103798   /usr/share/java/java-atk-wrapper.jar
b76ea000-b76eb000 r--s 00002000 08:01 9848574    /usr/lib/jvm/java-7-openjdk-i386/jre/lib/ext/dnsns.jar
b76eb000-b76ed000 r--s 00012000 08:01 9848572    /usr/lib/jvm/java-7-openjdk-i386/jre/lib/ext/zipfs.jar
b76ed000-b76ee000 r--p 00850000 08:01 9707683    /usr/lib/locale/locale-archive
b76ee000-b76ef000 rw-p 00000000 00:00 0 
b76ef000-b76f0000 ---p 00000000 00:00 0 
b76f0000-b76fe000 r-xp 00000000 08:01 9848535    /usr/lib/jvm/java-7-openjdk-i386/jre/lib/i386/libverify.so
b76fe000-b76ff000 r--p 0000d000 08:01 9848535    /usr/lib/jvm/java-7-openjdk-i386/jre/lib/i386/libverify.so
b76ff000-b7700000 rw-p 0000e000 08:01 9848535    /usr/lib/jvm/java-7-openjdk-i386/jre/lib/i386/libverify.so
b7700000-b770c000 r-xp 00000000 08:01 9848524    /usr/lib/jvm/java-7-openjdk-i386/jre/lib/i386/jli/libjli.so
b770c000-b770d000 r--p 0000c000 08:01 9848524    /usr/lib/jvm/java-7-openjdk-i386/jre/lib/i386/jli/libjli.so
b770d000-b770e000 rw-p 0000d000 08:01 9848524    /usr/lib/jvm/java-7-openjdk-i386/jre/lib/i386/jli/libjli.so
b770e000-b7711000 rw-p 00000000 00:00 0 
b7711000-b7712000 r-xp 00000000 00:00 0          [vdso]
b7712000-b7732000 r-xp 00000000 08:01 10755883   /lib/i386-linux-gnu/ld-2.19.so
b7732000-b7733000 r--p 0001f000 08:01 10755883   /lib/i386-linux-gnu/ld-2.19.so
b7733000-b7734000 rw-p 00020000 08:01 10755883   /lib/i386-linux-gnu/ld-2.19.so
bfaa9000-bfaaa000 rwxp 00000000 00:00 0 
bfadc000-bfafd000 rw-p 00000000 00:00 0          [stack]

VM Arguments:
jvm_args: -Djava.awt.headless=true -Xmx1024M -Dfile.encoding=UTF-8 -Duser.country=IN -Duser.language=en -Duser.variant 
java_command: com.android.dx.command.Main --dex --num-threads=4 --output /home/node/AndroidStudioProjects/pressbox_app/pressbox-android/app/build/intermediates/pre-dexed/debug/com.android.support-support-v4-23.1.1_07063708abef57add3cbaac10182203762d07b8a.jar /home/node/AndroidStudioProjects/pressbox_app/pressbox-android/app/build/intermediates/exploded-aar/com.android.support/support-v4/23.1.1/jars/classes.jar
Launcher Type: SUN_STANDARD

Environment Variables:
PATH=/usr/local/sbin:/usr/local/bin:/usr/sbin:/usr/bin:/sbin:/bin:/usr/games:/usr/local/games
LD_LIBRARY_PATH=/home/node/new_studio_sdk/android-studio/bin:
SHELL=/bin/bash
DISPLAY=:0

Signal Handlers:
SIGSEGV: [libjvm.so+0x813b10], sa_mask[0]=0x7ffbfeff, sa_flags=0x10000004
SIGBUS: [libjvm.so+0x813b10], sa_mask[0]=0x7ffbfeff, sa_flags=0x10000004
SIGFPE: [libjvm.so+0x6893f0], sa_mask[0]=0x7ffbfeff, sa_flags=0x10000004
SIGPIPE: [libjvm.so+0x6893f0], sa_mask[0]=0x7ffbfeff, sa_flags=0x10000004
SIGXFSZ: [libjvm.so+0x6893f0], sa_mask[0]=0x7ffbfeff, sa_flags=0x10000004
SIGILL: [libjvm.so+0x6893f0], sa_mask[0]=0x7ffbfeff, sa_flags=0x10000004
SIGUSR1: SIG_DFL, sa_mask[0]=0x00000000, sa_flags=0x00000000
SIGUSR2: [libjvm.so+0x689280], sa_mask[0]=0x00000004, sa_flags=0x10000004
SIGHUP: [libjvm.so+0x6894b0], sa_mask[0]=0x7ffbfeff, sa_flags=0x10000004
SIGINT: [libjvm.so+0x6894b0], sa_mask[0]=0x7ffbfeff, sa_flags=0x10000004
SIGTERM: [libjvm.so+0x6894b0], sa_mask[0]=0x7ffbfeff, sa_flags=0x10000004
SIGQUIT: [libjvm.so+0x6894b0], sa_mask[0]=0x7ffbfeff, sa_flags=0x10000004
SIGTRAP: SIG_DFL, sa_mask[0]=0x00000000, sa_flags=0x00000000


---------------  S Y S T E M  ---------------

OS:Ubuntu 14.04 (trusty)
uname:Linux 3.13.0-83-generic #127-Ubuntu SMP Fri Mar 11 00:26:47 UTC 2016 i686
libc:glibc 2.19 NPTL 2.19 
rlimit: STACK 8192k, CORE 0k, NPROC 22478, NOFILE 4096, AS infinity
load average:9.87 5.03 2.75

/proc/meminfo:
MemTotal:        2896604 kB
MemFree:          130792 kB
Buffers:             688 kB
Cached:           522252 kB
SwapCached:        61408 kB
Active:          1456272 kB
Inactive:         822068 kB
Active(anon):    1447472 kB
Inactive(anon):   809136 kB
Active(file):       8800 kB
Inactive(file):    12932 kB
Unevictable:          44 kB
Mlocked:              44 kB
HighTotal:       2024360 kB
HighFree:           3060 kB
LowTotal:         872244 kB
LowFree:          127732 kB
SwapTotal:       2935804 kB
SwapFree:             12 kB
Dirty:               112 kB
Writeback:             0 kB
AnonPages:       1694260 kB
Mapped:           450036 kB
Shmem:            501072 kB
Slab:              45940 kB
SReclaimable:      21000 kB
SUnreclaim:        24940 kB
KernelStack:        6336 kB
PageTables:        22108 kB
NFS_Unstable:          0 kB
Bounce:                0 kB
WritebackTmp:          0 kB
CommitLimit:     4384104 kB
Committed_AS:   10672652 kB
VmallocTotal:     122880 kB
VmallocUsed:       25188 kB
VmallocChunk:      95672 kB
HardwareCorrupted:     0 kB
AnonHugePages:    372736 kB
HugePages_Total:       0
HugePages_Free:        0
HugePages_Rsvd:        0
HugePages_Surp:        0
Hugepagesize:       2048 kB
DirectMap4k:       26616 kB
DirectMap2M:      886784 kB


CPU:total 2 (2 cores per cpu, 1 threads per core) family 6 model 37 stepping 5, cmov, cx8, fxsr, mmx, sse, sse2, sse3, ssse3, popcnt, tsc, tscinvbit

/proc/cpuinfo:
processor	: 0
vendor_id	: GenuineIntel
cpu family	: 6
model		: 37
model name	: Intel(R) Pentium(R) CPU        P6200  @ 2.13GHz
stepping	: 5
microcode	: 0x2
cpu MHz		: 2133.000
cache size	: 3072 KB
physical id	: 0
siblings	: 2
core id		: 0
cpu cores	: 2
apicid		: 0
initial apicid	: 0
fdiv_bug	: no
f00f_bug	: no
coma_bug	: no
fpu		: yes
fpu_exception	: yes
cpuid level	: 11
wp		: yes
flags		: fpu vme de pse tsc msr pae mce cx8 apic sep mtrr pge mca cmov pat pse36 clflush dts acpi mmx fxsr sse sse2 ss ht tm pbe nx rdtscp lm constant_tsc arch_perfmon pebs bts xtopology nonstop_tsc aperfmperf pni dtes64 monitor ds_cpl est tm2 ssse3 cx16 xtpr pdcm pcid popcnt lahf_lm arat dtherm
bogomips	: 4255.97
clflush size	: 64
cache_alignment	: 64
address sizes	: 36 bits physical, 48 bits virtual
power management:

processor	: 1
vendor_id	: GenuineIntel
cpu family	: 6
model		: 37
model name	: Intel(R) Pentium(R) CPU        P6200  @ 2.13GHz
stepping	: 5
microcode	: 0x2
cpu MHz		: 2133.000
cache size	: 3072 KB
physical id	: 0
siblings	: 2
core id		: 2
cpu cores	: 2
apicid		: 4
initial apicid	: 4
fdiv_bug	: no
f00f_bug	: no
coma_bug	: no
fpu		: yes
fpu_exception	: yes
cpuid level	: 11
wp		: yes
flags		: fpu vme de pse tsc msr pae mce cx8 apic sep mtrr pge mca cmov pat pse36 clflush dts acpi mmx fxsr sse sse2 ss ht tm pbe nx rdtscp lm constant_tsc arch_perfmon pebs bts xtopology nonstop_tsc aperfmperf pni dtes64 monitor ds_cpl est tm2 ssse3 cx16 xtpr pdcm pcid popcnt lahf_lm arat dtherm
bogomips	: 4255.97
clflush size	: 64
cache_alignment	: 64
address sizes	: 36 bits physical, 48 bits virtual
power management:



Memory: 4k page, physical 2896604k(130792k free), swap 2935804k(12k free)

vm_info: OpenJDK Server VM (24.95-b01) for linux-x86 JRE (1.7.0_95-b00), built on Jan 21 2016 03:37:15 by "buildd" with gcc 4.8.4

time: Fri Mar 25 23:09:05 2016
elapsed time: 24 seconds

